2021-08-26 12:21:08 [INFO ] [Browser] - [startBrowser] Selected Browser is: chrome
2021-08-26 12:21:40 [INFO ] [Browser] - [takeScreenshot] Exception has Occured while taking screenshot
2021-08-26 12:21:40 [INFO ] [Base] - [closeBrowser] Scenario Completed: Verify whether the user is able to register into the application by providing all the fields
2021-08-26 12:21:40 [INFO ] [Base] - [closeBrowser] Scenario Status is: failed
2021-08-26 13:16:01 [INFO ] [Browser] - [startBrowser] Selected Browser is: chrome
2021-08-26 13:16:30 [INFO ] [Browser] - [takeScreenshot] Exception has Occured while taking screenshot
2021-08-26 13:16:30 [INFO ] [Base] - [closeBrowser] Scenario Completed: Verify whether the user is able to register into the application by providing all the fields
2021-08-26 13:16:30 [INFO ] [Base] - [closeBrowser] Scenario Status is: failed
2021-08-26 22:26:01 [INFO ] [Hooks] - [setUp] Scenario Started: Verify whether the user is able to register into the application by providing all the fields
2021-08-26 22:26:01 [INFO ] [Browser] - [startBrowser] Selected Browser is: chrome
2021-08-26 22:27:53 [INFO ] [RetryExec] - [execute] I/O exception (org.apache.http.NoHttpResponseException) caught when processing request to {s}->https://chromedriver.storage.googleapis.com:443: The target server failed to respond
2021-08-26 22:27:54 [INFO ] [RetryExec] - [execute] Retrying request to {s}->https://chromedriver.storage.googleapis.com:443
2021-08-26 22:29:03 [INFO ] [Base] - [setUp] Scenario Started: Verify whether the user is able to register into the application by providing all the fields
2021-08-26 22:29:03 [INFO ] [Browser] - [startBrowser] Selected Browser is: chrome
2021-08-26 22:30:45 [INFO ] [Browser] - [takeScreenshot] Exception has Occured while taking screenshot
2021-08-26 22:30:45 [INFO ] [Hooks] - [closeBrowser] Scenario Completed: Verify whether the user is able to register into the application by providing all the fields
2021-08-26 22:30:45 [INFO ] [Hooks] - [closeBrowser] Scenario Status is: failed
2021-08-26 22:30:45 [INFO ] [Browser] - [takeScreenshot] Exception has Occured while taking screenshot
2021-08-26 22:30:45 [INFO ] [Base] - [closeBrowser] Scenario Completed: Verify whether the user is able to register into the application by providing all the fields
2021-08-26 22:30:45 [INFO ] [Base] - [closeBrowser] Scenario Status is: failed
2021-08-26 22:37:11 [INFO ] [Browser] - [startBrowser] Selected Browser is: chrome
2021-08-26 22:37:48 [INFO ] [Hooks] - [setUp] Scenario Started: Verify whether the user is able to register into the application by providing all the fields
2021-08-26 22:37:48 [INFO ] [Browser] - [startBrowser] Selected Browser is: chrome
2021-08-26 22:37:50 [INFO ] [Browser] - [takeScreenshot] Exception has Occured while taking screenshot
2021-08-26 22:37:50 [INFO ] [Base] - [closeBrowser] Scenario Completed: Verify whether the user is able to register into the application by providing all the fields
2021-08-26 22:37:50 [INFO ] [Base] - [closeBrowser] Scenario Status is: failed
2021-08-26 22:37:50 [INFO ] [Browser] - [takeScreenshot] Exception has Occured while taking screenshot
2021-08-26 22:37:50 [INFO ] [Hooks] - [closeBrowser] Scenario Completed: Verify whether the user is able to register into the application by providing all the fields
2021-08-26 22:37:50 [INFO ] [Hooks] - [closeBrowser] Scenario Status is: failed
2021-08-26 22:44:54 [INFO ] [Hooks] - [setUp] Scenario Started: Verify whether the user is able to register into the application by providing all the fields
2021-08-26 22:44:55 [INFO ] [Browser] - [startBrowser] Selected Browser is: chrome
2021-08-26 22:46:32 [INFO ] [Hooks] - [setUp] Scenario Started: Verify whether the user is able to register into the application by providing all the fields
2021-08-26 22:46:32 [INFO ] [Browser] - [startBrowser] Selected Browser is: chrome
2021-08-26 22:47:10 [INFO ] [Hooks] - [setUp] Scenario Started: Verify whether the user is able to register into the application by providing all the fields
2021-08-26 22:47:10 [INFO ] [Browser] - [startBrowser] Selected Browser is: chrome
2021-08-26 22:47:52 [INFO ] [Base] - [setUp] Scenario Started: Verify whether the user is able to register into the application by providing all the fields
2021-08-26 22:47:52 [INFO ] [Browser] - [startBrowser] Selected Browser is: chrome
2021-08-26 22:48:03 [INFO ] [Browser] - [takeScreenshot] Exception has Occured while taking screenshot
2021-08-26 22:48:03 [INFO ] [Hooks] - [closeBrowser] Scenario Completed: Verify whether the user is able to register into the application by providing all the fields
2021-08-26 22:48:03 [INFO ] [Hooks] - [closeBrowser] Scenario Status is: failed
2021-08-26 22:48:03 [INFO ] [Browser] - [takeScreenshot] Exception has Occured while taking screenshot
2021-08-26 22:48:03 [INFO ] [Base] - [closeBrowser] Scenario Completed: Verify whether the user is able to register into the application by providing all the fields
2021-08-26 22:48:03 [INFO ] [Base] - [closeBrowser] Scenario Status is: failed
2021-08-26 22:48:26 [INFO ] [Browser] - [takeScreenshot] Exception has Occured while taking screenshot
2021-08-26 22:49:13 [INFO ] [Browser] - [takeScreenshot] Exception has Occured while taking screenshot
2021-08-26 22:50:03 [INFO ] [Hooks] - [setUp] Scenario Started: Verify whether the user is able to register into the application by providing all the fields
2021-08-26 22:50:03 [INFO ] [Browser] - [startBrowser] Selected Browser is: chrome
2021-08-26 22:50:36 [INFO ] [Browser] - [takeScreenshot] Exception has Occured while taking screenshot
2021-08-26 22:55:27 [INFO ] [Hooks] - [setUp] Scenario Started: Verify whether the user is able to register into the application by providing all the fields
2021-08-26 22:55:27 [INFO ] [Browser] - [startBrowser] Selected Browser is: chrome
2021-08-26 22:55:46 [INFO ] [Browser] - [takeScreenshot] Exception has Occured while taking screenshot
2021-08-26 23:37:23 [INFO ] [Hooks] - [setUp] Scenario Started: Verify whether the user is able to register into the application by providing all the fields
2021-08-26 23:37:23 [INFO ] [Browser] - [startBrowser] Selected Browser is: chrome
2021-08-26 23:37:44 [INFO ] [Browser] - [startBrowser] Chrome Browser is Started1185502159
2021-08-26 23:38:45 [INFO ] [Hooks] - [closeBrowser] Scenario Completed: Verify whether the user is able to register into the application by providing all the fields
2021-08-26 23:38:45 [INFO ] [Hooks] - [closeBrowser] Scenario Status is: pending
2021-08-26 23:41:04 [INFO ] [Hooks] - [setUp] Scenario Started: Verify whether the user is able to register into the application by providing all the fields
2021-08-26 23:41:04 [INFO ] [Browser] - [startBrowser] Selected Browser is: chrome
2021-08-26 23:41:08 [INFO ] [Browser] - [startBrowser] Chrome Browser is Started1678889928
2021-08-26 23:44:43 [INFO ] [Hooks] - [closeBrowser] Scenario Completed: Verify whether the user is able to register into the application by providing all the fields
2021-08-26 23:44:43 [INFO ] [Hooks] - [closeBrowser] Scenario Status is: pending
2021-08-26 23:45:20 [INFO ] [Hooks] - [setUp] Scenario Started: Verify whether the user is able to register into the application by providing all the fields
2021-08-26 23:45:20 [INFO ] [Browser] - [startBrowser] Selected Browser is: chrome
2021-08-26 23:45:24 [INFO ] [Browser] - [startBrowser] Chrome Browser is Started2003305136
2021-08-26 23:45:27 [INFO ] [Hooks] - [closeBrowser] Scenario Completed: Verify whether the user is able to register into the application by providing all the fields
2021-08-26 23:45:27 [INFO ] [Hooks] - [closeBrowser] Scenario Status is: passed
2021-08-27 00:12:21 [INFO ] [Hooks] - [setUp] Scenario Started: Verify whether the user is able to register into the application by providing all the fields
2021-08-27 00:12:21 [INFO ] [Browser] - [startBrowser] Selected Browser is: chrome
2021-08-27 00:12:25 [INFO ] [Browser] - [startBrowser] Chrome Browser is Started2003305136
2021-08-27 00:12:31 [INFO ] [Hooks] - [closeBrowser] Scenario Completed: Verify whether the user is able to register into the application by providing all the fields
2021-08-27 00:12:31 [INFO ] [Hooks] - [closeBrowser] Scenario Status is: passed
2021-08-27 00:13:32 [INFO ] [Hooks] - [setUp] Scenario Started: Verify whether the user is able to register into the application by providing all the fields
2021-08-27 00:13:32 [INFO ] [Browser] - [startBrowser] Selected Browser is: chrome
2021-08-27 00:13:36 [INFO ] [Browser] - [startBrowser] Chrome Browser is Started2003305136
2021-08-27 00:13:51 [INFO ] [Hooks] - [closeBrowser] Scenario Completed: Verify whether the user is able to register into the application by providing all the fields
2021-08-27 00:13:51 [INFO ] [Hooks] - [closeBrowser] Scenario Status is: passed
2021-08-27 01:51:16 [INFO ] [Hooks] - [setUp] Scenario Started: Verify whether the user is able to register into the application by providing all the fields
2021-08-27 01:51:16 [INFO ] [Browser] - [startBrowser] Selected Browser is: chrome
2021-08-27 01:51:35 [INFO ] [Browser] - [startBrowser] Chrome Browser is Started1063423209
2021-08-27 01:51:45 [INFO ] [Hooks] - [closeBrowser] Scenario Completed: Verify whether the user is able to register into the application by providing all the fields
2021-08-27 01:51:45 [INFO ] [Hooks] - [closeBrowser] Scenario Status is: failed
2021-08-27 01:57:40 [INFO ] [Hooks] - [setUp] Scenario Started: Verify whether the user is able to register into the application by providing all the fields
2021-08-27 01:57:40 [INFO ] [Browser] - [startBrowser] Selected Browser is: chrome
2021-08-27 01:57:44 [INFO ] [Browser] - [startBrowser] Chrome Browser is Started2003305136
2021-08-27 01:57:52 [INFO ] [Hooks] - [closeBrowser] Scenario Completed: Verify whether the user is able to register into the application by providing all the fields
2021-08-27 01:57:52 [INFO ] [Hooks] - [closeBrowser] Scenario Status is: failed
2021-08-27 02:02:20 [INFO ] [Hooks] - [setUp] Scenario Started: Verify whether the user is able to register into the application by providing all the fields
2021-08-27 02:02:20 [INFO ] [Browser] - [startBrowser] Selected Browser is: chrome
2021-08-27 02:02:24 [INFO ] [Browser] - [startBrowser] Chrome Browser is Started698676628
2021-08-27 02:02:32 [INFO ] [Hooks] - [closeBrowser] Scenario Completed: Verify whether the user is able to register into the application by providing all the fields
2021-08-27 02:02:32 [INFO ] [Hooks] - [closeBrowser] Scenario Status is: failed
2021-08-27 02:07:59 [INFO ] [Hooks] - [setUp] Scenario Started: Verify whether the user is able to register into the application by providing all the fields
2021-08-27 02:07:59 [INFO ] [Browser] - [startBrowser] Selected Browser is: chrome
2021-08-27 02:08:03 [INFO ] [Browser] - [startBrowser] Chrome Browser is Started1678889928
2021-08-27 02:08:13 [INFO ] [Hooks] - [closeBrowser] Scenario Completed: Verify whether the user is able to register into the application by providing all the fields
2021-08-27 02:08:13 [INFO ] [Hooks] - [closeBrowser] Scenario Status is: passed
2021-08-29 00:04:11 [INFO ] [Hooks] - [setUp] Scenario Started: Verify whether the user is not allowed to register on skipping mandatory fields
2021-08-29 00:04:11 [INFO ] [Browser] - [startBrowser] Selected Browser is: chrome
2021-08-29 00:04:38 [INFO ] [Browser] - [startBrowser] Chrome Browser is Started1994249754
2021-08-29 00:04:46 [INFO ] [Hooks] - [closeBrowser] Scenario Completed: Verify whether the user is not allowed to register on skipping mandatory fields
2021-08-29 00:04:46 [INFO ] [Hooks] - [closeBrowser] Scenario Status is: undefined
2021-08-29 00:25:25 [INFO ] [Hooks] - [setUp] Scenario Started: Verify whether the user is not allowed to register on skipping mandatory fields
2021-08-29 00:25:25 [INFO ] [Browser] - [startBrowser] Selected Browser is: chrome
2021-08-29 00:25:29 [INFO ] [Browser] - [startBrowser] Chrome Browser is Started1372668833
2021-08-29 00:25:35 [INFO ] [Hooks] - [closeBrowser] Scenario Completed: Verify whether the user is not allowed to register on skipping mandatory fields
2021-08-29 00:25:35 [INFO ] [Hooks] - [closeBrowser] Scenario Status is: passed
2021-08-29 00:29:05 [INFO ] [Hooks] - [setUp] Scenario Started: Verify whether the user is able to register into the application by opting for Newsletter subscription
2021-08-29 00:29:05 [INFO ] [Browser] - [startBrowser] Selected Browser is: chrome
2021-08-29 00:29:09 [INFO ] [Browser] - [startBrowser] Chrome Browser is Started1634411546
2021-08-29 00:29:15 [INFO ] [Hooks] - [closeBrowser] Scenario Completed: Verify whether the user is able to register into the application by opting for Newsletter subscription
2021-08-29 00:29:15 [INFO ] [Hooks] - [closeBrowser] Scenario Status is: undefined
2021-08-29 00:33:33 [INFO ] [Hooks] - [setUp] Scenario Started: Verify whether the user is able to register into the application by opting for Newsletter subscription
2021-08-29 00:33:33 [INFO ] [Browser] - [startBrowser] Selected Browser is: chrome
2021-08-29 00:33:37 [INFO ] [Browser] - [startBrowser] Chrome Browser is Started627709989
2021-08-29 00:33:44 [INFO ] [Hooks] - [closeBrowser] Scenario Completed: Verify whether the user is able to register into the application by opting for Newsletter subscription
2021-08-29 00:33:44 [INFO ] [Hooks] - [closeBrowser] Scenario Status is: passed
2021-08-29 00:37:31 [INFO ] [Hooks] - [setUp] Scenario Started: Verify whether the user is restricted from creating a duplicate account
2021-08-29 00:37:31 [INFO ] [Browser] - [startBrowser] Selected Browser is: chrome
2021-08-29 00:37:35 [INFO ] [Browser] - [startBrowser] Chrome Browser is Started193864812
2021-08-29 00:37:40 [INFO ] [Hooks] - [closeBrowser] Scenario Completed: Verify whether the user is restricted from creating a duplicate account
2021-08-29 00:37:40 [INFO ] [Hooks] - [closeBrowser] Scenario Status is: undefined
2021-08-29 00:50:24 [INFO ] [Hooks] - [setUp] Scenario Started: Verify whether the user is restricted from creating a duplicate account
2021-08-29 00:50:24 [INFO ] [Browser] - [startBrowser] Selected Browser is: chrome
2021-08-29 00:50:28 [INFO ] [Browser] - [startBrowser] Chrome Browser is Started1788545647
2021-08-29 00:50:34 [INFO ] [Hooks] - [closeBrowser] Scenario Completed: Verify whether the user is restricted from creating a duplicate account
2021-08-29 00:50:34 [INFO ] [Hooks] - [closeBrowser] Scenario Status is: passed
2021-08-29 00:52:06 [INFO ] [Hooks] - [setUp] Scenario Started: Verify whether the user is able to register into the application by providing all the fields
2021-08-29 00:52:06 [INFO ] [Browser] - [startBrowser] Selected Browser is: chrome
2021-08-29 00:52:10 [INFO ] [Browser] - [startBrowser] Chrome Browser is Started1334528976
2021-08-29 00:52:17 [INFO ] [Hooks] - [closeBrowser] Scenario Completed: Verify whether the user is able to register into the application by providing all the fields
2021-08-29 00:52:17 [INFO ] [Hooks] - [closeBrowser] Scenario Status is: passed
2021-08-29 00:54:03 [INFO ] [Hooks] - [setUp] Scenario Started: Verify whether the user is able to register into the application by providing all the fields
2021-08-29 00:54:03 [INFO ] [Browser] - [startBrowser] Selected Browser is: chrome
2021-08-29 00:54:07 [INFO ] [Browser] - [startBrowser] Chrome Browser is Started681564936
2021-08-29 00:54:13 [INFO ] [Hooks] - [closeBrowser] Scenario Completed: Verify whether the user is able to register into the application by providing all the fields
2021-08-29 00:54:13 [INFO ] [Hooks] - [closeBrowser] Scenario Status is: passed
2021-08-29 00:54:14 [INFO ] [Hooks] - [setUp] Scenario Started: Verify whether the user is not allowed to register on skipping mandatory fields
2021-08-29 00:54:14 [INFO ] [Browser] - [startBrowser] Selected Browser is: chrome
2021-08-29 00:54:15 [INFO ] [Browser] - [startBrowser] Chrome Browser is Started465869765
2021-08-29 00:54:21 [INFO ] [Hooks] - [closeBrowser] Scenario Completed: Verify whether the user is not allowed to register on skipping mandatory fields
2021-08-29 00:54:21 [INFO ] [Hooks] - [closeBrowser] Scenario Status is: passed
2021-08-29 00:54:22 [INFO ] [Hooks] - [setUp] Scenario Started: Verify whether the user is able to register into the application by opting for Newsletter subscription
2021-08-29 00:54:22 [INFO ] [Browser] - [startBrowser] Selected Browser is: chrome
2021-08-29 00:54:24 [INFO ] [Browser] - [startBrowser] Chrome Browser is Started281487983
2021-08-29 00:54:31 [INFO ] [Hooks] - [closeBrowser] Scenario Completed: Verify whether the user is able to register into the application by opting for Newsletter subscription
2021-08-29 00:54:31 [INFO ] [Hooks] - [closeBrowser] Scenario Status is: passed
2021-08-29 00:54:32 [INFO ] [Hooks] - [setUp] Scenario Started: Verify whether the user is restricted from creating a duplicate account
2021-08-29 00:54:32 [INFO ] [Browser] - [startBrowser] Selected Browser is: chrome
2021-08-29 00:54:33 [INFO ] [Browser] - [startBrowser] Chrome Browser is Started440307236
2021-08-29 00:54:39 [INFO ] [Hooks] - [closeBrowser] Scenario Completed: Verify whether the user is restricted from creating a duplicate account
2021-08-29 00:54:39 [INFO ] [Hooks] - [closeBrowser] Scenario Status is: passed
2021-08-29 01:06:40 [INFO ] [Hooks] - [setUp] Scenario Started: Verify whether the User is able to login with valid credentials
2021-08-29 01:06:40 [INFO ] [Browser] - [startBrowser] Selected Browser is: chrome
2021-08-29 01:06:46 [INFO ] [Browser] - [startBrowser] Chrome Browser is Started1484982263
2021-08-29 01:06:51 [INFO ] [Hooks] - [closeBrowser] Scenario Completed: Verify whether the User is able to login with valid credentials
2021-08-29 01:06:51 [INFO ] [Hooks] - [closeBrowser] Scenario Status is: undefined
2021-08-29 01:23:45 [INFO ] [Hooks] - [setUp] Scenario Started: Verify whether the User is able to login with valid credentials
2021-08-29 01:23:45 [INFO ] [Browser] - [startBrowser] Selected Browser is: chrome
2021-08-29 01:23:50 [INFO ] [Browser] - [startBrowser] Chrome Browser is Started555136651
2021-08-29 01:23:54 [INFO ] [Hooks] - [closeBrowser] Scenario Completed: Verify whether the User is able to login with valid credentials
2021-08-29 01:23:54 [INFO ] [Hooks] - [closeBrowser] Scenario Status is: failed
2021-08-29 01:27:41 [INFO ] [Hooks] - [setUp] Scenario Started: Verify whether the User is able to login with valid credentials
2021-08-29 01:27:41 [INFO ] [Browser] - [startBrowser] Selected Browser is: chrome
2021-08-29 01:27:45 [INFO ] [Browser] - [startBrowser] Chrome Browser is Started555136651
2021-08-29 01:27:50 [INFO ] [Hooks] - [closeBrowser] Scenario Completed: Verify whether the User is able to login with valid credentials
2021-08-29 01:27:50 [INFO ] [Hooks] - [closeBrowser] Scenario Status is: failed
2021-08-29 01:29:22 [INFO ] [Hooks] - [setUp] Scenario Started: Verify whether the User is able to login with valid credentials
2021-08-29 01:29:22 [INFO ] [Browser] - [startBrowser] Selected Browser is: chrome
2021-08-29 01:29:27 [INFO ] [Browser] - [startBrowser] Chrome Browser is Started1372668833
2021-08-29 01:29:30 [INFO ] [Hooks] - [closeBrowser] Scenario Completed: Verify whether the User is able to login with valid credentials
2021-08-29 01:29:30 [INFO ] [Hooks] - [closeBrowser] Scenario Status is: failed
2021-08-29 01:30:25 [INFO ] [Hooks] - [setUp] Scenario Started: Verify whether the User is able to login with valid credentials
2021-08-29 01:30:25 [INFO ] [Browser] - [startBrowser] Selected Browser is: chrome
2021-08-29 01:30:29 [INFO ] [Browser] - [startBrowser] Chrome Browser is Started105663489
2021-08-29 01:30:35 [INFO ] [Hooks] - [closeBrowser] Scenario Completed: Verify whether the User is able to login with valid credentials
2021-08-29 01:30:35 [INFO ] [Hooks] - [closeBrowser] Scenario Status is: passed
2021-08-29 01:41:00 [INFO ] [Hooks] - [setUp] Scenario Started: Verify whether the User is able to login with valid credentials
2021-08-29 01:41:00 [INFO ] [Browser] - [startBrowser] Selected Browser is: chrome
2021-08-29 01:41:04 [INFO ] [Browser] - [startBrowser] Chrome Browser is Started1759313234
2021-08-29 01:41:09 [INFO ] [Hooks] - [closeBrowser] Scenario Completed: Verify whether the User is able to login with valid credentials
2021-08-29 01:41:09 [INFO ] [Hooks] - [closeBrowser] Scenario Status is: passed
2021-08-29 01:44:55 [INFO ] [Hooks] - [setUp] Scenario Started: Verify whether the User is able to login with valid credentials
2021-08-29 01:44:55 [INFO ] [Browser] - [startBrowser] Selected Browser is: chrome
2021-08-29 01:45:00 [INFO ] [Browser] - [startBrowser] Chrome Browser is Started499310212
2021-08-29 01:45:06 [INFO ] [Hooks] - [closeBrowser] Scenario Completed: Verify whether the User is able to login with valid credentials
2021-08-29 01:45:06 [INFO ] [Hooks] - [closeBrowser] Scenario Status is: passed
2021-08-29 01:45:38 [INFO ] [Hooks] - [setUp] Scenario Started: Verify that the User is not able to login with invalid credentials
2021-08-29 01:45:38 [INFO ] [Browser] - [startBrowser] Selected Browser is: chrome
2021-08-29 01:45:45 [INFO ] [Browser] - [startBrowser] Chrome Browser is Started2044150758
2021-08-29 01:45:50 [INFO ] [Hooks] - [closeBrowser] Scenario Completed: Verify that the User is not able to login with invalid credentials
2021-08-29 01:45:50 [INFO ] [Hooks] - [closeBrowser] Scenario Status is: undefined
2021-08-29 01:52:16 [INFO ] [Hooks] - [setUp] Scenario Started: Verify that the User is not able to login with invalid credentials
2021-08-29 01:52:16 [INFO ] [Browser] - [startBrowser] Selected Browser is: chrome
2021-08-29 01:52:20 [INFO ] [Browser] - [startBrowser] Chrome Browser is Started438873841
2021-08-29 01:52:26 [INFO ] [Hooks] - [closeBrowser] Scenario Completed: Verify that the User is not able to login with invalid credentials
2021-08-29 01:52:26 [INFO ] [Hooks] - [closeBrowser] Scenario Status is: failed
2021-08-29 01:57:53 [INFO ] [Hooks] - [setUp] Scenario Started: Verify that the User is not able to login with invalid credentials
2021-08-29 01:57:53 [INFO ] [Browser] - [startBrowser] Selected Browser is: chrome
2021-08-29 01:57:57 [INFO ] [Browser] - [startBrowser] Chrome Browser is Started232886115
2021-08-29 01:58:02 [INFO ] [Hooks] - [closeBrowser] Scenario Completed: Verify that the User is not able to login with invalid credentials
2021-08-29 01:58:02 [INFO ] [Hooks] - [closeBrowser] Scenario Status is: failed
2021-08-29 02:08:04 [INFO ] [Hooks] - [setUp] Scenario Started: Verify that the User is not able to login with invalid credentials
2021-08-29 02:08:04 [INFO ] [Browser] - [startBrowser] Selected Browser is: chrome
2021-08-29 02:08:10 [INFO ] [Browser] - [startBrowser] Chrome Browser is Started838820617
2021-08-29 02:08:16 [INFO ] [Hooks] - [closeBrowser] Scenario Completed: Verify that the User is not able to login with invalid credentials
2021-08-29 02:08:16 [INFO ] [Hooks] - [closeBrowser] Scenario Status is: failed
2021-08-29 02:11:34 [INFO ] [Hooks] - [setUp] Scenario Started: Verify that the User is not able to login with invalid credentials
2021-08-29 02:11:34 [INFO ] [Browser] - [startBrowser] Selected Browser is: chrome
2021-08-29 02:11:38 [INFO ] [Browser] - [startBrowser] Chrome Browser is Started632669667
2021-08-29 02:11:44 [INFO ] [Hooks] - [closeBrowser] Scenario Completed: Verify that the User is not able to login with invalid credentials
2021-08-29 02:11:44 [INFO ] [Hooks] - [closeBrowser] Scenario Status is: failed
2021-08-29 02:16:20 [INFO ] [Hooks] - [setUp] Scenario Started: Verify that the User is not able to login with invalid credentials
2021-08-29 02:16:20 [INFO ] [Browser] - [startBrowser] Selected Browser is: chrome
2021-08-29 02:16:25 [INFO ] [Browser] - [startBrowser] Chrome Browser is Started232886115
2021-08-29 02:16:30 [INFO ] [Hooks] - [closeBrowser] Scenario Completed: Verify that the User is not able to login with invalid credentials
2021-08-29 02:16:30 [INFO ] [Hooks] - [closeBrowser] Scenario Status is: failed
2021-08-29 02:19:20 [INFO ] [Hooks] - [setUp] Scenario Started: Verify that the User is not able to login with invalid credentials
2021-08-29 02:19:20 [INFO ] [Browser] - [startBrowser] Selected Browser is: chrome
2021-08-29 02:19:24 [INFO ] [Browser] - [startBrowser] Chrome Browser is Started438873841
2021-08-29 02:19:29 [INFO ] [Hooks] - [closeBrowser] Scenario Completed: Verify that the User is not able to login with invalid credentials
2021-08-29 02:19:29 [INFO ] [Hooks] - [closeBrowser] Scenario Status is: failed
2021-08-29 02:20:11 [INFO ] [Hooks] - [setUp] Scenario Started: Verify that the User is not able to login with invalid credentials
2021-08-29 02:20:11 [INFO ] [Browser] - [startBrowser] Selected Browser is: chrome
2021-08-29 02:20:15 [INFO ] [Browser] - [startBrowser] Chrome Browser is Started632669667
2021-08-29 02:20:20 [INFO ] [Hooks] - [closeBrowser] Scenario Completed: Verify that the User is not able to login with invalid credentials
2021-08-29 02:20:20 [INFO ] [Hooks] - [closeBrowser] Scenario Status is: failed
2021-08-29 02:21:12 [INFO ] [Hooks] - [setUp] Scenario Started: Verify that the User is not able to login with invalid credentials
2021-08-29 02:21:12 [INFO ] [Browser] - [startBrowser] Selected Browser is: chrome
2021-08-29 02:21:16 [INFO ] [Browser] - [startBrowser] Chrome Browser is Started822409149
2021-08-29 02:21:21 [INFO ] [Hooks] - [closeBrowser] Scenario Completed: Verify that the User is not able to login with invalid credentials
2021-08-29 02:21:21 [INFO ] [Hooks] - [closeBrowser] Scenario Status is: passed
2021-08-29 02:26:19 [INFO ] [Hooks] - [setUp] Scenario Started: Verify that the User is able to reset forgotten password
2021-08-29 02:26:19 [INFO ] [Browser] - [startBrowser] Selected Browser is: chrome
2021-08-29 02:26:23 [INFO ] [Browser] - [startBrowser] Chrome Browser is Started447320069
2021-08-29 02:26:27 [INFO ] [Hooks] - [closeBrowser] Scenario Completed: Verify that the User is able to reset forgotten password
2021-08-29 02:26:27 [INFO ] [Hooks] - [closeBrowser] Scenario Status is: undefined
2021-08-29 02:41:41 [INFO ] [Hooks] - [setUp] Scenario Started: Verify that the User is able to reset forgotten password
2021-08-29 02:41:41 [INFO ] [Browser] - [startBrowser] Selected Browser is: chrome
2021-08-29 02:41:45 [INFO ] [Browser] - [startBrowser] Chrome Browser is Started1860754643
2021-08-29 02:41:51 [INFO ] [Hooks] - [closeBrowser] Scenario Completed: Verify that the User is able to reset forgotten password
2021-08-29 02:41:51 [INFO ] [Hooks] - [closeBrowser] Scenario Status is: failed
2021-08-29 02:42:42 [INFO ] [Hooks] - [setUp] Scenario Started: Verify that the User is able to reset forgotten password
2021-08-29 02:42:42 [INFO ] [Browser] - [startBrowser] Selected Browser is: chrome
2021-08-29 02:42:47 [INFO ] [Browser] - [startBrowser] Chrome Browser is Started447320069
2021-08-29 02:42:52 [INFO ] [Hooks] - [closeBrowser] Scenario Completed: Verify that the User is able to reset forgotten password
2021-08-29 02:42:52 [INFO ] [Hooks] - [closeBrowser] Scenario Status is: passed
2021-08-29 02:43:38 [INFO ] [Hooks] - [setUp] Scenario Started: Verify that the User is able to reset forgotten password
2021-08-29 02:43:38 [INFO ] [Browser] - [startBrowser] Selected Browser is: chrome
2021-08-29 02:43:42 [INFO ] [Browser] - [startBrowser] Chrome Browser is Started299783910
2021-08-29 02:43:46 [INFO ] [Hooks] - [closeBrowser] Scenario Completed: Verify that the User is able to reset forgotten password
2021-08-29 02:43:46 [INFO ] [Hooks] - [closeBrowser] Scenario Status is: undefined
2021-08-29 02:49:42 [INFO ] [Hooks] - [setUp] Scenario Started: Verify that the User is able to reset forgotten password
2021-08-29 02:49:42 [INFO ] [Browser] - [startBrowser] Selected Browser is: chrome
2021-08-29 02:49:46 [INFO ] [Browser] - [startBrowser] Chrome Browser is Started1860754643
2021-08-29 02:49:51 [INFO ] [Hooks] - [closeBrowser] Scenario Completed: Verify that the User is able to reset forgotten password
2021-08-29 02:49:51 [INFO ] [Hooks] - [closeBrowser] Scenario Status is: failed
2021-08-29 02:52:53 [INFO ] [Hooks] - [setUp] Scenario Started: Verify that the User is able to reset forgotten password
2021-08-29 02:52:53 [INFO ] [Browser] - [startBrowser] Selected Browser is: chrome
2021-08-29 02:52:57 [INFO ] [Browser] - [startBrowser] Chrome Browser is Started1860754643
2021-08-29 02:53:03 [INFO ] [Hooks] - [closeBrowser] Scenario Completed: Verify that the User is able to reset forgotten password
2021-08-29 02:53:03 [INFO ] [Hooks] - [closeBrowser] Scenario Status is: failed
2021-08-29 02:53:52 [INFO ] [Hooks] - [setUp] Scenario Started: Verify that the User is able to reset forgotten password
2021-08-29 02:53:52 [INFO ] [Browser] - [startBrowser] Selected Browser is: chrome
2021-08-29 02:53:56 [INFO ] [Browser] - [startBrowser] Chrome Browser is Started1860754643
2021-08-29 02:54:02 [INFO ] [Hooks] - [closeBrowser] Scenario Completed: Verify that the User is able to reset forgotten password
2021-08-29 02:54:02 [INFO ] [Hooks] - [closeBrowser] Scenario Status is: passed
2021-08-29 02:55:19 [INFO ] [Hooks] - [setUp] Scenario Started: Verify whether the User is able to login with valid credentials
2021-08-29 02:55:19 [INFO ] [Browser] - [startBrowser] Selected Browser is: chrome
2021-08-29 02:55:23 [INFO ] [Browser] - [startBrowser] Chrome Browser is Started475024998
2021-08-29 02:55:28 [INFO ] [Hooks] - [closeBrowser] Scenario Completed: Verify whether the User is able to login with valid credentials
2021-08-29 02:55:28 [INFO ] [Hooks] - [closeBrowser] Scenario Status is: passed
2021-08-29 02:55:29 [INFO ] [Hooks] - [setUp] Scenario Started: Verify that the User is not able to login with invalid credentials
2021-08-29 02:55:29 [INFO ] [Browser] - [startBrowser] Selected Browser is: chrome
2021-08-29 02:55:31 [INFO ] [Browser] - [startBrowser] Chrome Browser is Started412375354
2021-08-29 02:55:36 [INFO ] [Hooks] - [closeBrowser] Scenario Completed: Verify that the User is not able to login with invalid credentials
2021-08-29 02:55:36 [INFO ] [Hooks] - [closeBrowser] Scenario Status is: passed
2021-08-29 02:55:37 [INFO ] [Hooks] - [setUp] Scenario Started: Verify that the User is not able to login without providing credentials
2021-08-29 02:55:37 [INFO ] [Browser] - [startBrowser] Selected Browser is: chrome
2021-08-29 02:55:38 [INFO ] [Browser] - [startBrowser] Chrome Browser is Started918730310
2021-08-29 02:55:43 [INFO ] [Hooks] - [closeBrowser] Scenario Completed: Verify that the User is not able to login without providing credentials
2021-08-29 02:55:43 [INFO ] [Hooks] - [closeBrowser] Scenario Status is: passed
2021-08-29 02:55:44 [INFO ] [Hooks] - [setUp] Scenario Started: Verify that the User is able to reset forgotten password
2021-08-29 02:55:44 [INFO ] [Browser] - [startBrowser] Selected Browser is: chrome
2021-08-29 02:55:45 [INFO ] [Browser] - [startBrowser] Chrome Browser is Started929856893
2021-08-29 02:55:51 [INFO ] [Hooks] - [closeBrowser] Scenario Completed: Verify that the User is able to reset forgotten password
2021-08-29 02:55:51 [INFO ] [Hooks] - [closeBrowser] Scenario Status is: passed
2021-08-29 02:58:30 [INFO ] [Hooks] - [setUp] Scenario Started: Verify whether the user is able to register into the application by providing all the fields
2021-08-29 02:58:30 [INFO ] [Browser] - [startBrowser] Selected Browser is: chrome
2021-08-29 02:58:34 [INFO ] [Browser] - [startBrowser] Chrome Browser is Started2031667192
2021-08-29 02:58:41 [INFO ] [Hooks] - [closeBrowser] Scenario Completed: Verify whether the user is able to register into the application by providing all the fields
2021-08-29 02:58:41 [INFO ] [Hooks] - [closeBrowser] Scenario Status is: passed
2021-08-29 02:58:42 [INFO ] [Hooks] - [setUp] Scenario Started: Verify whether the user is not allowed to register on skipping mandatory fields
2021-08-29 02:58:42 [INFO ] [Browser] - [startBrowser] Selected Browser is: chrome
2021-08-29 02:58:44 [INFO ] [Browser] - [startBrowser] Chrome Browser is Started2046652309
2021-08-29 02:58:48 [INFO ] [Hooks] - [closeBrowser] Scenario Completed: Verify whether the user is not allowed to register on skipping mandatory fields
2021-08-29 02:58:48 [INFO ] [Hooks] - [closeBrowser] Scenario Status is: passed
2021-08-29 02:58:49 [INFO ] [Hooks] - [setUp] Scenario Started: Verify whether the user is able to register into the application by opting for Newsletter subscription
2021-08-29 02:58:49 [INFO ] [Browser] - [startBrowser] Selected Browser is: chrome
2021-08-29 02:58:51 [INFO ] [Browser] - [startBrowser] Chrome Browser is Started1715189999
2021-08-29 02:58:57 [INFO ] [Hooks] - [closeBrowser] Scenario Completed: Verify whether the user is able to register into the application by opting for Newsletter subscription
2021-08-29 02:58:57 [INFO ] [Hooks] - [closeBrowser] Scenario Status is: passed
2021-08-29 02:58:58 [INFO ] [Hooks] - [setUp] Scenario Started: Verify whether the user is restricted from creating a duplicate account
2021-08-29 02:58:58 [INFO ] [Browser] - [startBrowser] Selected Browser is: chrome
2021-08-29 02:59:00 [INFO ] [Browser] - [startBrowser] Chrome Browser is Started805536380
2021-08-29 02:59:05 [INFO ] [Hooks] - [closeBrowser] Scenario Completed: Verify whether the user is restricted from creating a duplicate account
2021-08-29 02:59:05 [INFO ] [Hooks] - [closeBrowser] Scenario Status is: passed
2021-08-29 03:01:16 [INFO ] [Hooks] - [setUp] Scenario Started: Verify whether the User is able to login with valid credentials
2021-08-29 03:01:16 [INFO ] [Browser] - [startBrowser] Selected Browser is: chrome
2021-08-29 03:01:20 [INFO ] [Browser] - [startBrowser] Chrome Browser is Started878506901
2021-08-29 03:01:24 [INFO ] [Hooks] - [closeBrowser] Scenario Completed: Verify whether the User is able to login with valid credentials
2021-08-29 03:01:24 [INFO ] [Hooks] - [closeBrowser] Scenario Status is: passed
2021-08-29 03:01:26 [INFO ] [Hooks] - [setUp] Scenario Started: Verify that the User is not able to login with invalid credentials
2021-08-29 03:01:26 [INFO ] [Browser] - [startBrowser] Selected Browser is: chrome
2021-08-29 03:01:27 [INFO ] [Browser] - [startBrowser] Chrome Browser is Started1027022907
2021-08-29 03:01:32 [INFO ] [Hooks] - [closeBrowser] Scenario Completed: Verify that the User is not able to login with invalid credentials
2021-08-29 03:01:32 [INFO ] [Hooks] - [closeBrowser] Scenario Status is: passed
2021-08-29 03:01:33 [INFO ] [Hooks] - [setUp] Scenario Started: Verify that the User is not able to login without providing credentials
2021-08-29 03:01:33 [INFO ] [Browser] - [startBrowser] Selected Browser is: chrome
2021-08-29 03:01:35 [INFO ] [Browser] - [startBrowser] Chrome Browser is Started230991505
2021-08-29 03:01:39 [INFO ] [Hooks] - [closeBrowser] Scenario Completed: Verify that the User is not able to login without providing credentials
2021-08-29 03:01:39 [INFO ] [Hooks] - [closeBrowser] Scenario Status is: passed
2021-08-29 03:01:40 [INFO ] [Hooks] - [setUp] Scenario Started: Verify that the User is able to reset forgotten password
2021-08-29 03:01:40 [INFO ] [Browser] - [startBrowser] Selected Browser is: chrome
2021-08-29 03:01:42 [INFO ] [Browser] - [startBrowser] Chrome Browser is Started1775383190
2021-08-29 03:01:47 [INFO ] [Hooks] - [closeBrowser] Scenario Completed: Verify that the User is able to reset forgotten password
2021-08-29 03:01:47 [INFO ] [Hooks] - [closeBrowser] Scenario Status is: passed
2021-08-29 03:01:48 [INFO ] [Hooks] - [setUp] Scenario Started: Verify whether the user is able to register into the application by providing all the fields
2021-08-29 03:01:48 [INFO ] [Browser] - [startBrowser] Selected Browser is: chrome
2021-08-29 03:01:50 [INFO ] [Browser] - [startBrowser] Chrome Browser is Started1082579195
2021-08-29 03:01:56 [INFO ] [Hooks] - [closeBrowser] Scenario Completed: Verify whether the user is able to register into the application by providing all the fields
2021-08-29 03:01:56 [INFO ] [Hooks] - [closeBrowser] Scenario Status is: passed
2021-08-29 03:01:57 [INFO ] [Hooks] - [setUp] Scenario Started: Verify whether the user is not allowed to register on skipping mandatory fields
2021-08-29 03:01:57 [INFO ] [Browser] - [startBrowser] Selected Browser is: chrome
2021-08-29 03:01:58 [INFO ] [Browser] - [startBrowser] Chrome Browser is Started1232948374
2021-08-29 03:02:03 [INFO ] [Hooks] - [closeBrowser] Scenario Completed: Verify whether the user is not allowed to register on skipping mandatory fields
2021-08-29 03:02:03 [INFO ] [Hooks] - [closeBrowser] Scenario Status is: passed
2021-08-29 03:02:04 [INFO ] [Hooks] - [setUp] Scenario Started: Verify whether the user is able to register into the application by opting for Newsletter subscription
2021-08-29 03:02:04 [INFO ] [Browser] - [startBrowser] Selected Browser is: chrome
2021-08-29 03:02:06 [INFO ] [Browser] - [startBrowser] Chrome Browser is Started1602154134
2021-08-29 03:02:12 [INFO ] [Hooks] - [closeBrowser] Scenario Completed: Verify whether the user is able to register into the application by opting for Newsletter subscription
2021-08-29 03:02:12 [INFO ] [Hooks] - [closeBrowser] Scenario Status is: passed
2021-08-29 03:02:13 [INFO ] [Hooks] - [setUp] Scenario Started: Verify whether the user is restricted from creating a duplicate account
2021-08-29 03:02:13 [INFO ] [Browser] - [startBrowser] Selected Browser is: chrome
2021-08-29 03:02:14 [INFO ] [Browser] - [startBrowser] Chrome Browser is Started1391890442
2021-08-29 03:02:20 [INFO ] [Hooks] - [closeBrowser] Scenario Completed: Verify whether the user is restricted from creating a duplicate account
2021-08-29 03:02:20 [INFO ] [Hooks] - [closeBrowser] Scenario Status is: passed
2021-08-29 03:20:15 [INFO ] [Hooks] - [setUp] Scenario Started: Verify whether the User is able to search for products
2021-08-29 03:20:15 [INFO ] [Browser] - [startBrowser] Selected Browser is: chrome
2021-08-29 03:20:23 [INFO ] [Browser] - [startBrowser] Chrome Browser is Started936931778
2021-08-29 03:20:28 [INFO ] [Hooks] - [closeBrowser] Scenario Completed: Verify whether the User is able to search for products
2021-08-29 03:20:28 [INFO ] [Hooks] - [closeBrowser] Scenario Status is: undefined
2021-08-29 03:31:42 [INFO ] [Hooks] - [setUp] Scenario Started: Verify whether the User is able to search for products
2021-08-29 03:31:42 [INFO ] [Browser] - [startBrowser] Selected Browser is: chrome
2021-08-29 03:31:46 [INFO ] [Browser] - [startBrowser] Chrome Browser is Started58421994
2021-08-29 03:32:20 [INFO ] [Hooks] - [closeBrowser] Scenario Completed: Verify whether the User is able to search for products
2021-08-29 03:32:20 [INFO ] [Hooks] - [closeBrowser] Scenario Status is: failed
2021-08-29 03:32:56 [INFO ] [Hooks] - [setUp] Scenario Started: Verify whether the User is able to search for products
2021-08-29 03:32:56 [INFO ] [Browser] - [startBrowser] Selected Browser is: chrome
2021-08-29 03:33:00 [INFO ] [Browser] - [startBrowser] Chrome Browser is Started193864812
2021-08-29 03:33:35 [INFO ] [Hooks] - [closeBrowser] Scenario Completed: Verify whether the User is able to search for products
2021-08-29 03:33:35 [INFO ] [Hooks] - [closeBrowser] Scenario Status is: failed
2021-08-29 03:41:19 [INFO ] [Hooks] - [setUp] Scenario Started: Verify whether the User is able to search for products
2021-08-29 03:41:19 [INFO ] [Browser] - [startBrowser] Selected Browser is: chrome
2021-08-29 03:41:23 [INFO ] [Browser] - [startBrowser] Chrome Browser is Started1287606099
2021-08-29 03:41:28 [INFO ] [Hooks] - [closeBrowser] Scenario Completed: Verify whether the User is able to search for products
2021-08-29 03:41:28 [INFO ] [Hooks] - [closeBrowser] Scenario Status is: failed
2021-08-29 03:44:37 [INFO ] [Hooks] - [setUp] Scenario Started: Verify whether the User is able to search for products
2021-08-29 03:44:37 [INFO ] [Browser] - [startBrowser] Selected Browser is: chrome
2021-08-29 03:44:41 [INFO ] [Browser] - [startBrowser] Chrome Browser is Started193864812
2021-08-29 03:44:47 [INFO ] [Hooks] - [closeBrowser] Scenario Completed: Verify whether the User is able to search for products
2021-08-29 03:44:47 [INFO ] [Hooks] - [closeBrowser] Scenario Status is: passed
2021-08-29 03:48:26 [INFO ] [Hooks] - [setUp] Scenario Started: Verify whether the User is able to search for products
2021-08-29 03:48:26 [INFO ] [Browser] - [startBrowser] Selected Browser is: chrome
2021-08-29 03:48:30 [INFO ] [Browser] - [startBrowser] Chrome Browser is Started1860754643
2021-08-29 03:48:35 [INFO ] [Hooks] - [closeBrowser] Scenario Completed: Verify whether the User is able to search for products
2021-08-29 03:48:35 [INFO ] [Hooks] - [closeBrowser] Scenario Status is: passed
2021-08-29 03:49:07 [INFO ] [Hooks] - [setUp] Scenario Started: Verify whether the User is informed when the product being searched is not available
2021-08-29 03:49:07 [INFO ] [Browser] - [startBrowser] Selected Browser is: chrome
2021-08-29 03:49:11 [INFO ] [Browser] - [startBrowser] Chrome Browser is Started1860754643
2021-08-29 03:49:15 [INFO ] [Hooks] - [closeBrowser] Scenario Completed: Verify whether the User is informed when the product being searched is not available
2021-08-29 03:49:15 [INFO ] [Hooks] - [closeBrowser] Scenario Status is: undefined
2021-08-29 03:56:37 [INFO ] [Hooks] - [setUp] Scenario Started: Verify whether the User is informed when the product being searched is not available
2021-08-29 03:56:37 [INFO ] [Browser] - [startBrowser] Selected Browser is: chrome
2021-08-29 03:56:41 [INFO ] [Browser] - [startBrowser] Chrome Browser is Started169916747
2021-08-29 03:56:46 [INFO ] [Hooks] - [closeBrowser] Scenario Completed: Verify whether the User is informed when the product being searched is not available
2021-08-29 03:56:46 [INFO ] [Hooks] - [closeBrowser] Scenario Status is: failed
2021-08-29 03:59:02 [INFO ] [Hooks] - [setUp] Scenario Started: Verify whether the User is informed when the product being searched is not available
2021-08-29 03:59:02 [INFO ] [Browser] - [startBrowser] Selected Browser is: chrome
2021-08-29 03:59:06 [INFO ] [Browser] - [startBrowser] Chrome Browser is Started169916747
2021-08-29 03:59:10 [INFO ] [Hooks] - [closeBrowser] Scenario Completed: Verify whether the User is informed when the product being searched is not available
2021-08-29 03:59:10 [INFO ] [Hooks] - [closeBrowser] Scenario Status is: failed
2021-08-29 03:59:44 [INFO ] [Hooks] - [setUp] Scenario Started: Verify whether the User is informed when the product being searched is not available
2021-08-29 03:59:44 [INFO ] [Browser] - [startBrowser] Selected Browser is: chrome
2021-08-29 03:59:48 [INFO ] [Browser] - [startBrowser] Chrome Browser is Started523794808
2021-08-29 03:59:53 [INFO ] [Hooks] - [closeBrowser] Scenario Completed: Verify whether the User is informed when the product being searched is not available
2021-08-29 03:59:53 [INFO ] [Hooks] - [closeBrowser] Scenario Status is: failed
2021-08-29 04:03:09 [INFO ] [Hooks] - [setUp] Scenario Started: Verify whether the User is informed when the product being searched is not available
2021-08-29 04:03:09 [INFO ] [Browser] - [startBrowser] Selected Browser is: chrome
2021-08-29 04:03:14 [INFO ] [Browser] - [startBrowser] Chrome Browser is Started1495414981
2021-08-29 04:03:23 [INFO ] [Hooks] - [closeBrowser] Scenario Completed: Verify whether the User is informed when the product being searched is not available
2021-08-29 04:03:23 [INFO ] [Hooks] - [closeBrowser] Scenario Status is: passed
2021-08-29 04:05:03 [INFO ] [Hooks] - [setUp] Scenario Started: Verify whether the User is able to search for products
2021-08-29 04:05:03 [INFO ] [Browser] - [startBrowser] Selected Browser is: chrome
2021-08-29 04:05:07 [INFO ] [Browser] - [startBrowser] Chrome Browser is Started366828226
2021-08-29 04:05:11 [INFO ] [Hooks] - [closeBrowser] Scenario Completed: Verify whether the User is able to search for products
2021-08-29 04:05:11 [INFO ] [Hooks] - [closeBrowser] Scenario Status is: passed
2021-08-29 04:05:12 [INFO ] [Hooks] - [setUp] Scenario Started: Verify whether the User is informed when the product being searched is not available
2021-08-29 04:05:12 [INFO ] [Browser] - [startBrowser] Selected Browser is: chrome
2021-08-29 04:05:14 [INFO ] [Browser] - [startBrowser] Chrome Browser is Started688113407
2021-08-29 04:05:18 [INFO ] [Hooks] - [closeBrowser] Scenario Completed: Verify whether the User is informed when the product being searched is not available
2021-08-29 04:05:18 [INFO ] [Hooks] - [closeBrowser] Scenario Status is: passed
2021-08-29 04:07:58 [INFO ] [Hooks] - [setUp] Scenario Started: Verify whether the User is able to login with valid credentials
2021-08-29 04:07:58 [INFO ] [Browser] - [startBrowser] Selected Browser is: chrome
2021-08-29 04:08:01 [INFO ] [Browser] - [startBrowser] Chrome Browser is Started482987954
2021-08-29 04:08:06 [INFO ] [Hooks] - [closeBrowser] Scenario Completed: Verify whether the User is able to login with valid credentials
2021-08-29 04:08:06 [INFO ] [Hooks] - [closeBrowser] Scenario Status is: passed
2021-08-29 04:08:07 [INFO ] [Hooks] - [setUp] Scenario Started: Verify that the User is not able to login with invalid credentials
2021-08-29 04:08:07 [INFO ] [Browser] - [startBrowser] Selected Browser is: chrome
2021-08-29 04:08:09 [INFO ] [Browser] - [startBrowser] Chrome Browser is Started1062163248
2021-08-29 04:08:14 [INFO ] [Hooks] - [closeBrowser] Scenario Completed: Verify that the User is not able to login with invalid credentials
2021-08-29 04:08:14 [INFO ] [Hooks] - [closeBrowser] Scenario Status is: passed
2021-08-29 04:08:15 [INFO ] [Hooks] - [setUp] Scenario Started: Verify that the User is not able to login without providing credentials
2021-08-29 04:08:15 [INFO ] [Browser] - [startBrowser] Selected Browser is: chrome
2021-08-29 04:08:16 [INFO ] [Browser] - [startBrowser] Chrome Browser is Started1798636297
2021-08-29 04:08:21 [INFO ] [Hooks] - [closeBrowser] Scenario Completed: Verify that the User is not able to login without providing credentials
2021-08-29 04:08:21 [INFO ] [Hooks] - [closeBrowser] Scenario Status is: passed
2021-08-29 04:08:22 [INFO ] [Hooks] - [setUp] Scenario Started: Verify that the User is able to reset forgotten password
2021-08-29 04:08:22 [INFO ] [Browser] - [startBrowser] Selected Browser is: chrome
2021-08-29 04:08:24 [INFO ] [Browser] - [startBrowser] Chrome Browser is Started1769616559
2021-08-29 04:08:29 [INFO ] [Hooks] - [closeBrowser] Scenario Completed: Verify that the User is able to reset forgotten password
2021-08-29 04:08:29 [INFO ] [Hooks] - [closeBrowser] Scenario Status is: passed
2021-08-29 04:08:30 [INFO ] [Hooks] - [setUp] Scenario Started: Verify whether the user is able to register into the application by providing all the fields
2021-08-29 04:08:30 [INFO ] [Browser] - [startBrowser] Selected Browser is: chrome
2021-08-29 04:08:32 [INFO ] [Browser] - [startBrowser] Chrome Browser is Started245703044
2021-08-29 04:08:37 [INFO ] [Hooks] - [closeBrowser] Scenario Completed: Verify whether the user is able to register into the application by providing all the fields
2021-08-29 04:08:37 [INFO ] [Hooks] - [closeBrowser] Scenario Status is: passed
2021-08-29 04:08:38 [INFO ] [Hooks] - [setUp] Scenario Started: Verify whether the user is not allowed to register on skipping mandatory fields
2021-08-29 04:08:38 [INFO ] [Browser] - [startBrowser] Selected Browser is: chrome
2021-08-29 04:08:39 [INFO ] [Browser] - [startBrowser] Chrome Browser is Started1687430663
2021-08-29 04:08:44 [INFO ] [Hooks] - [closeBrowser] Scenario Completed: Verify whether the user is not allowed to register on skipping mandatory fields
2021-08-29 04:08:44 [INFO ] [Hooks] - [closeBrowser] Scenario Status is: passed
2021-08-29 04:08:45 [INFO ] [Hooks] - [setUp] Scenario Started: Verify whether the user is able to register into the application by opting for Newsletter subscription
2021-08-29 04:08:45 [INFO ] [Browser] - [startBrowser] Selected Browser is: chrome
2021-08-29 04:08:47 [INFO ] [Browser] - [startBrowser] Chrome Browser is Started1094446968
2021-08-29 04:08:53 [INFO ] [Hooks] - [closeBrowser] Scenario Completed: Verify whether the user is able to register into the application by opting for Newsletter subscription
2021-08-29 04:08:53 [INFO ] [Hooks] - [closeBrowser] Scenario Status is: passed
2021-08-29 04:08:54 [INFO ] [Hooks] - [setUp] Scenario Started: Verify whether the user is restricted from creating a duplicate account
2021-08-29 04:08:54 [INFO ] [Browser] - [startBrowser] Selected Browser is: chrome
2021-08-29 04:08:56 [INFO ] [Browser] - [startBrowser] Chrome Browser is Started1872410525
2021-08-29 04:09:02 [INFO ] [Hooks] - [closeBrowser] Scenario Completed: Verify whether the user is restricted from creating a duplicate account
2021-08-29 04:09:02 [INFO ] [Hooks] - [closeBrowser] Scenario Status is: passed
2021-08-29 04:09:03 [INFO ] [Hooks] - [setUp] Scenario Started: Verify whether the User is able to search for products
2021-08-29 04:09:03 [INFO ] [Browser] - [startBrowser] Selected Browser is: chrome
2021-08-29 04:09:05 [INFO ] [Browser] - [startBrowser] Chrome Browser is Started445554393
2021-08-29 04:09:09 [INFO ] [Hooks] - [closeBrowser] Scenario Completed: Verify whether the User is able to search for products
2021-08-29 04:09:09 [INFO ] [Hooks] - [closeBrowser] Scenario Status is: passed
2021-08-29 04:09:10 [INFO ] [Hooks] - [setUp] Scenario Started: Verify whether the User is informed when the product being searched is not available
2021-08-29 04:09:10 [INFO ] [Browser] - [startBrowser] Selected Browser is: chrome
2021-08-29 04:09:11 [INFO ] [Browser] - [startBrowser] Chrome Browser is Started705400860
2021-08-29 04:09:15 [INFO ] [Hooks] - [closeBrowser] Scenario Completed: Verify whether the User is informed when the product being searched is not available
2021-08-29 04:09:15 [INFO ] [Hooks] - [closeBrowser] Scenario Status is: passed
2021-09-01 10:38:23 [INFO ] [Hooks] - [setUp] Scenario Started: Verify whether the User is able to login with valid credentials
2021-09-01 10:38:24 [INFO ] [Browser] - [startBrowser] Selected Browser is: chrome
2021-09-01 10:38:38 [INFO ] [Browser] - [startBrowser] Chrome Browser is Started357291163
2021-09-01 10:38:45 [INFO ] [Hooks] - [closeBrowser] Scenario Completed: Verify whether the User is able to login with valid credentials
2021-09-01 10:38:45 [INFO ] [Hooks] - [closeBrowser] Scenario Status is: passed
2021-09-01 10:38:46 [INFO ] [Hooks] - [setUp] Scenario Started: Verify that the User is not able to login with invalid credentials
2021-09-01 10:38:46 [INFO ] [Browser] - [startBrowser] Selected Browser is: chrome
2021-09-01 10:38:48 [INFO ] [Browser] - [startBrowser] Chrome Browser is Started1130656047
2021-09-01 10:38:53 [INFO ] [Hooks] - [closeBrowser] Scenario Completed: Verify that the User is not able to login with invalid credentials
2021-09-01 10:38:53 [INFO ] [Hooks] - [closeBrowser] Scenario Status is: passed
2021-09-01 10:38:54 [INFO ] [Hooks] - [setUp] Scenario Started: Verify that the User is not able to login without providing credentials
2021-09-01 10:38:54 [INFO ] [Browser] - [startBrowser] Selected Browser is: chrome
2021-09-01 10:38:56 [INFO ] [Browser] - [startBrowser] Chrome Browser is Started236055802
2021-09-01 10:39:01 [INFO ] [Hooks] - [closeBrowser] Scenario Completed: Verify that the User is not able to login without providing credentials
2021-09-01 10:39:01 [INFO ] [Hooks] - [closeBrowser] Scenario Status is: passed
2021-09-01 10:39:02 [INFO ] [Hooks] - [setUp] Scenario Started: Verify that the User is able to reset forgotten password
2021-09-01 10:39:02 [INFO ] [Browser] - [startBrowser] Selected Browser is: chrome
2021-09-01 10:39:04 [INFO ] [Browser] - [startBrowser] Chrome Browser is Started1322057909
2021-09-01 10:39:11 [INFO ] [Hooks] - [closeBrowser] Scenario Completed: Verify that the User is able to reset forgotten password
2021-09-01 10:39:11 [INFO ] [Hooks] - [closeBrowser] Scenario Status is: passed
2021-09-02 09:48:27 [INFO ] [Hooks] - [setUp] Scenario Started: Verify whether the User is able to login with valid credentials
2021-09-02 09:48:27 [INFO ] [Browser] - [startBrowser] Selected Browser is: chrome
2021-09-02 09:48:37 [INFO ] [Browser] - [startBrowser] Chrome Browser is Started377957453
2021-09-02 09:48:46 [INFO ] [Hooks] - [closeBrowser] Scenario Completed: Verify whether the User is able to login with valid credentials
2021-09-02 09:48:46 [INFO ] [Hooks] - [closeBrowser] Scenario Status is: passed
2021-09-02 09:48:47 [INFO ] [Hooks] - [setUp] Scenario Started: Verify that the User is not able to login with invalid credentials
2021-09-02 09:48:47 [INFO ] [Browser] - [startBrowser] Selected Browser is: chrome
2021-09-02 09:48:49 [INFO ] [Browser] - [startBrowser] Chrome Browser is Started1141059550
2021-09-02 09:48:55 [INFO ] [Hooks] - [closeBrowser] Scenario Completed: Verify that the User is not able to login with invalid credentials
2021-09-02 09:48:55 [INFO ] [Hooks] - [closeBrowser] Scenario Status is: passed
2021-09-02 09:48:56 [INFO ] [Hooks] - [setUp] Scenario Started: Verify that the User is not able to login without providing credentials
2021-09-02 09:48:56 [INFO ] [Browser] - [startBrowser] Selected Browser is: chrome
2021-09-02 09:48:58 [INFO ] [Browser] - [startBrowser] Chrome Browser is Started1518868172
2021-09-02 09:49:03 [INFO ] [Hooks] - [closeBrowser] Scenario Completed: Verify that the User is not able to login without providing credentials
2021-09-02 09:49:03 [INFO ] [Hooks] - [closeBrowser] Scenario Status is: passed
2021-09-02 09:49:04 [INFO ] [Hooks] - [setUp] Scenario Started: Verify that the User is able to reset forgotten password
2021-09-02 09:49:04 [INFO ] [Browser] - [startBrowser] Selected Browser is: chrome
2021-09-02 09:49:06 [INFO ] [Browser] - [startBrowser] Chrome Browser is Started197535883
2021-09-02 09:49:12 [INFO ] [Hooks] - [closeBrowser] Scenario Completed: Verify that the User is able to reset forgotten password
2021-09-02 09:49:12 [INFO ] [Hooks] - [closeBrowser] Scenario Status is: passed
2021-09-02 09:49:13 [INFO ] [Hooks] - [setUp] Scenario Started: Verify whether the user is able to register into the application by providing all the fields
2021-09-02 09:49:13 [INFO ] [Browser] - [startBrowser] Selected Browser is: chrome
2021-09-02 09:49:15 [INFO ] [Browser] - [startBrowser] Chrome Browser is Started233315297
2021-09-02 09:49:21 [INFO ] [Hooks] - [closeBrowser] Scenario Completed: Verify whether the user is able to register into the application by providing all the fields
2021-09-02 09:49:21 [INFO ] [Hooks] - [closeBrowser] Scenario Status is: passed
2021-09-02 09:49:22 [INFO ] [Hooks] - [setUp] Scenario Started: Verify whether the user is not allowed to register on skipping mandatory fields
2021-09-02 09:49:22 [INFO ] [Browser] - [startBrowser] Selected Browser is: chrome
2021-09-02 09:49:24 [INFO ] [Browser] - [startBrowser] Chrome Browser is Started1278226232
2021-09-02 09:49:29 [INFO ] [Hooks] - [closeBrowser] Scenario Completed: Verify whether the user is not allowed to register on skipping mandatory fields
2021-09-02 09:49:29 [INFO ] [Hooks] - [closeBrowser] Scenario Status is: passed
2021-09-02 09:49:30 [INFO ] [Hooks] - [setUp] Scenario Started: Verify whether the user is able to register into the application by opting for Newsletter subscription
2021-09-02 09:49:30 [INFO ] [Browser] - [startBrowser] Selected Browser is: chrome
2021-09-02 09:49:32 [INFO ] [Browser] - [startBrowser] Chrome Browser is Started457732796
2021-09-02 09:49:39 [INFO ] [Hooks] - [closeBrowser] Scenario Completed: Verify whether the user is able to register into the application by opting for Newsletter subscription
2021-09-02 09:49:39 [INFO ] [Hooks] - [closeBrowser] Scenario Status is: passed
2021-09-02 09:49:40 [INFO ] [Hooks] - [setUp] Scenario Started: Verify whether the user is restricted from creating a duplicate account
2021-09-02 09:49:40 [INFO ] [Browser] - [startBrowser] Selected Browser is: chrome
2021-09-02 09:49:42 [INFO ] [Browser] - [startBrowser] Chrome Browser is Started923570200
2021-09-02 09:49:48 [INFO ] [Hooks] - [closeBrowser] Scenario Completed: Verify whether the user is restricted from creating a duplicate account
2021-09-02 09:49:48 [INFO ] [Hooks] - [closeBrowser] Scenario Status is: passed
2021-09-02 09:49:49 [INFO ] [Hooks] - [setUp] Scenario Started: Verify whether the User is able to search for products
2021-09-02 09:49:49 [INFO ] [Browser] - [startBrowser] Selected Browser is: chrome
2021-09-02 09:49:51 [INFO ] [Browser] - [startBrowser] Chrome Browser is Started1211071216
2021-09-02 09:49:56 [INFO ] [Hooks] - [closeBrowser] Scenario Completed: Verify whether the User is able to search for products
2021-09-02 09:49:56 [INFO ] [Hooks] - [closeBrowser] Scenario Status is: passed
2021-09-02 09:49:57 [INFO ] [Hooks] - [setUp] Scenario Started: Verify whether the User is informed when the product being searched is not available
2021-09-02 09:49:57 [INFO ] [Browser] - [startBrowser] Selected Browser is: chrome
2021-09-02 09:49:59 [INFO ] [Browser] - [startBrowser] Chrome Browser is Started1638429542
2021-09-02 09:50:03 [INFO ] [Hooks] - [closeBrowser] Scenario Completed: Verify whether the User is informed when the product being searched is not available
2021-09-02 09:50:03 [INFO ] [Hooks] - [closeBrowser] Scenario Status is: passed
